<?xml version="1.0" encoding="UTF-8"?>
<!-- Generated by org.testng.reporters.JUnitXMLReporter -->
<testsuite hostname="Saidineshs-MacBook-Pro.local" ignored="0" name="FireFox testing" tests="2" failures="1" timestamp="2023-11-30T16:31:42 IST" time="49.55" errors="0">
  <testcase name="verifygooglepage" time="12.766" classname="kubedemo.Googlepage"/>
  <testcase name="verifyfacebookpage" time="14.601" classname="kubedemo.Googlepage">
    <failure type="java.lang.AssertionError" message="expected:&amp;lt;Facebook – log in or sign up&amp;gt; but was:&amp;lt;Facebook - log in or sign up&amp;gt;">
      <![CDATA[java.lang.AssertionError: expected:<Facebook – log in or sign up> but was:<Facebook - log in or sign up>
at kubedemo.Googlepage.verifyfacebookpage(Googlepage.java:23)
at java.util.ArrayList.forEach(ArrayList.java:1259)
... Removed 29 stack frames]]>
    </failure>
  </testcase> <!-- verifyfacebookpage -->
</testsuite> <!-- FireFox testing -->
