<?xml version="1.0" encoding="UTF-8"?>
<!-- Generated by org.testng.reporters.JUnitXMLReporter -->
<testsuite ignored="0" hostname="Saidineshs-MacBook-Pro.local" failures="1" tests="2" name="FireFox testing" time="49.099" errors="0" timestamp="2023-11-30T16:58:06 IST">
  <testcase classname="kubedemo.Googlepage" name="verifygooglepage" time="15.989"/>
  <testcase classname="kubedemo.Googlepage" name="verifyfacebookpage" time="15.191">
    <failure type="java.lang.AssertionError" message="expected:&amp;lt;Facebook – log in or sign up&amp;gt; but was:&amp;lt;Facebook - log in or sign up&amp;gt;">
      <![CDATA[java.lang.AssertionError: expected:<Facebook – log in or sign up> but was:<Facebook - log in or sign up>
at kubedemo.Googlepage.verifyfacebookpage(Googlepage.java:23)
at java.base/java.util.ArrayList.forEach(ArrayList.java:1511)
... Removed 33 stack frames]]>
    </failure>
  </testcase> <!-- verifyfacebookpage -->
</testsuite> <!-- FireFox testing -->
