<?xml version="1.0" encoding="UTF-8"?>
<testng-results ignored="0" total="6" passed="6" failed="0" skipped="0">
  <reporter-output>
  </reporter-output>
  <suite started-at="2023-12-08T14:39:29 IST" name="Suite" finished-at="2023-12-08T14:42:20 IST" duration-ms="171052">
    <groups>
    </groups>
    <test started-at="2023-12-08T14:39:29 IST" name="Chrome testing" finished-at="2023-12-08T14:40:14 IST" duration-ms="45550">
      <class name="kubedemo.Googlepage">
        <test-method is-config="true" signature="openDriver(java.lang.String,java.lang.String)[pri:0, instance:kubedemo.Googlepage@551bdc27]" started-at="2023-12-08T14:39:29 IST" name="openDriver" finished-at="2023-12-08T14:39:37 IST" duration-ms="8487" status="PASS">
          <params>
            <param index="0">
              <value>
                <![CDATA[Chrome]]>
              </value>
            </param>
            <param index="1">
              <value>
                <![CDATA[http://127.0.0.1:60628]]>
              </value>
            </param>
          </params>
          <reporter-output>
          </reporter-output>
        </test-method> <!-- openDriver -->
        <test-method signature="verifygooglepage()[pri:1, instance:kubedemo.Googlepage@551bdc27]" started-at="2023-12-08T14:39:37 IST" name="verifygooglepage" finished-at="2023-12-08T14:39:56 IST" duration-ms="18851" status="PASS">
          <reporter-output>
          </reporter-output>
        </test-method> <!-- verifygooglepage -->
        <test-method signature="verifyfacebookpage()[pri:2, instance:kubedemo.Googlepage@551bdc27]" started-at="2023-12-08T14:39:56 IST" name="verifyfacebookpage" finished-at="2023-12-08T14:40:14 IST" depends-on-methods="kubedemo.Googlepage.verifygooglepage" duration-ms="18183" status="PASS">
          <reporter-output>
          </reporter-output>
        </test-method> <!-- verifyfacebookpage -->
      </class> <!-- kubedemo.Googlepage -->
    </test> <!-- Chrome testing -->
    <test started-at="2023-12-08T14:40:19 IST" name="FireFox testing" finished-at="2023-12-08T14:41:14 IST" duration-ms="54754">
      <class name="kubedemo.Googlepage">
        <test-method is-config="true" signature="openDriver(java.lang.String,java.lang.String)[pri:0, instance:kubedemo.Googlepage@1a052a00]" started-at="2023-12-08T14:40:19 IST" name="openDriver" finished-at="2023-12-08T14:40:39 IST" duration-ms="20288" status="PASS">
          <params>
            <param index="0">
              <value>
                <![CDATA[Firefox]]>
              </value>
            </param>
            <param index="1">
              <value>
                <![CDATA[http://127.0.0.1:60628]]>
              </value>
            </param>
          </params>
          <reporter-output>
          </reporter-output>
        </test-method> <!-- openDriver -->
        <test-method signature="verifygooglepage()[pri:1, instance:kubedemo.Googlepage@1a052a00]" started-at="2023-12-08T14:40:39 IST" name="verifygooglepage" finished-at="2023-12-08T14:40:59 IST" duration-ms="19188" status="PASS">
          <reporter-output>
          </reporter-output>
        </test-method> <!-- verifygooglepage -->
        <test-method signature="verifyfacebookpage()[pri:2, instance:kubedemo.Googlepage@1a052a00]" started-at="2023-12-08T14:40:59 IST" name="verifyfacebookpage" finished-at="2023-12-08T14:41:14 IST" depends-on-methods="kubedemo.Googlepage.verifygooglepage" duration-ms="15270" status="PASS">
          <reporter-output>
          </reporter-output>
        </test-method> <!-- verifyfacebookpage -->
      </class> <!-- kubedemo.Googlepage -->
    </test> <!-- FireFox testing -->
    <test started-at="2023-12-08T14:41:19 IST" name="Edge testing" finished-at="2023-12-08T14:42:20 IST" duration-ms="60692">
      <class name="kubedemo.Googlepage">
        <test-method is-config="true" signature="openDriver(java.lang.String,java.lang.String)[pri:0, instance:kubedemo.Googlepage@7f77e91b]" started-at="2023-12-08T14:41:19 IST" name="openDriver" finished-at="2023-12-08T14:41:37 IST" duration-ms="18206" status="PASS">
          <params>
            <param index="0">
              <value>
                <![CDATA[Edge]]>
              </value>
            </param>
            <param index="1">
              <value>
                <![CDATA[http://127.0.0.1:60628]]>
              </value>
            </param>
          </params>
          <reporter-output>
          </reporter-output>
        </test-method> <!-- openDriver -->
        <test-method signature="verifygooglepage()[pri:1, instance:kubedemo.Googlepage@7f77e91b]" started-at="2023-12-08T14:41:37 IST" name="verifygooglepage" finished-at="2023-12-08T14:41:59 IST" duration-ms="22090" status="PASS">
          <reporter-output>
          </reporter-output>
        </test-method> <!-- verifygooglepage -->
        <test-method signature="verifyfacebookpage()[pri:2, instance:kubedemo.Googlepage@7f77e91b]" started-at="2023-12-08T14:41:59 IST" name="verifyfacebookpage" finished-at="2023-12-08T14:42:20 IST" depends-on-methods="kubedemo.Googlepage.verifygooglepage" duration-ms="20392" status="PASS">
          <reporter-output>
          </reporter-output>
        </test-method> <!-- verifyfacebookpage -->
      </class> <!-- kubedemo.Googlepage -->
    </test> <!-- Edge testing -->
  </suite> <!-- Suite -->
</testng-results>
