<?xml version="1.0" encoding="UTF-8"?>
<testsuite xmlns:xsi="http://www.w3.org/2001/XMLSchema-instance" xsi:noNamespaceSchemaLocation="https://maven.apache.org/surefire/maven-surefire-plugin/xsd/surefire-test-report-3.0.xsd" version="3.0" name="TestSuite" time="108.691" tests="4" errors="0" skipped="0" failures="2">
  <properties>
[...]
</properties>
  <testcase name="verifygooglepage" classname="kubedemo.Googlepage" time="17.335"/>
  <testcase name="verifygooglepage" classname="kubedemo.Googlepage" time="15.988"/>
  <testcase name="verifyfacebookpage" classname="kubedemo.Googlepage" time="17.707">
    <failure message="expected:&lt;Facebook – log in or sign up&gt; but was:&lt;Facebook - log in or sign up&gt;" type="java.lang.AssertionError"><![CDATA[java.lang.AssertionError: expected:<Facebook – log in or sign up> but was:<Facebook - log in or sign up>
	at kubedemo.Googlepage.verifyfacebookpage(Googlepage.java:23)
]]></failure>
  </testcase>
  <testcase name="verifyfacebookpage" classname="kubedemo.Googlepage" time="15.192">
    <failure message="expected:&lt;Facebook – log in or sign up&gt; but was:&lt;Facebook - log in or sign up&gt;" type="java.lang.AssertionError"><![CDATA[java.lang.AssertionError: expected:<Facebook – log in or sign up> but was:<Facebook - log in or sign up>
	at kubedemo.Googlepage.verifyfacebookpage(Googlepage.java:23)
]]></failure>
  </testcase>
</testsuite>