<?xml version="1.0" encoding="UTF-8"?>
<testng-results skipped="0" failed="0" ignored="0" total="4" passed="4">
  <reporter-output>
  </reporter-output>
  <suite name="Suite" duration-ms="244379" started-at="2023-12-05T12:19:35 IST" finished-at="2023-12-05T12:23:39 IST">
    <groups>
    </groups>
    <test name="Chrome testing" duration-ms="175778" started-at="2023-12-05T12:19:35 IST" finished-at="2023-12-05T12:22:31 IST">
      <class name="kubedemo.Googlepage">
        <test-method status="PASS" signature="opendriver(java.lang.String)[pri:0, instance:kubedemo.Googlepage@436e852b]" name="opendriver" is-config="true" duration-ms="159782" started-at="2023-12-05T12:19:35 IST" finished-at="2023-12-05T12:22:15 IST">
          <params>
            <param index="0">
              <value>
                <![CDATA[Chrome]]>
              </value>
            </param>
          </params>
          <reporter-output>
          </reporter-output>
        </test-method> <!-- opendriver -->
        <test-method status="PASS" signature="verifygooglepage()[pri:1, instance:kubedemo.Googlepage@436e852b]" name="verifygooglepage" duration-ms="8740" started-at="2023-12-05T12:22:15 IST" finished-at="2023-12-05T12:22:24 IST">
          <reporter-output>
          </reporter-output>
        </test-method> <!-- verifygooglepage -->
        <test-method status="PASS" signature="verifyfacebookpage()[pri:2, instance:kubedemo.Googlepage@436e852b]" name="verifyfacebookpage" duration-ms="7065" started-at="2023-12-05T12:22:24 IST" depends-on-methods="kubedemo.Googlepage.verifygooglepage" finished-at="2023-12-05T12:22:31 IST">
          <reporter-output>
          </reporter-output>
        </test-method> <!-- verifyfacebookpage -->
      </class> <!-- kubedemo.Googlepage -->
    </test> <!-- Chrome testing -->
    <test name="FireFox testing" duration-ms="63557" started-at="2023-12-05T12:22:36 IST" finished-at="2023-12-05T12:23:39 IST">
      <class name="kubedemo.Googlepage">
        <test-method status="PASS" signature="opendriver(java.lang.String)[pri:0, instance:kubedemo.Googlepage@3aeaafa6]" name="opendriver" is-config="true" duration-ms="43281" started-at="2023-12-05T12:22:36 IST" finished-at="2023-12-05T12:23:19 IST">
          <params>
            <param index="0">
              <value>
                <![CDATA[Firefox]]>
              </value>
            </param>
          </params>
          <reporter-output>
          </reporter-output>
        </test-method> <!-- opendriver -->
        <test-method status="PASS" signature="verifygooglepage()[pri:1, instance:kubedemo.Googlepage@3aeaafa6]" name="verifygooglepage" duration-ms="10173" started-at="2023-12-05T12:23:19 IST" finished-at="2023-12-05T12:23:29 IST">
          <reporter-output>
          </reporter-output>
        </test-method> <!-- verifygooglepage -->
        <test-method status="PASS" signature="verifyfacebookpage()[pri:2, instance:kubedemo.Googlepage@3aeaafa6]" name="verifyfacebookpage" duration-ms="10096" started-at="2023-12-05T12:23:29 IST" depends-on-methods="kubedemo.Googlepage.verifygooglepage" finished-at="2023-12-05T12:23:39 IST">
          <reporter-output>
          </reporter-output>
        </test-method> <!-- verifyfacebookpage -->
      </class> <!-- kubedemo.Googlepage -->
    </test> <!-- FireFox testing -->
  </suite> <!-- Suite -->
</testng-results>
